{
  "RSpec": {
    "coverage": {
      "/Users/erinbond/Desktop/Ada/week_5/FarMar/FarMar.rb": [
        1,
        1,
        null,
        1,
        null,
        null,
        1,
        1,
        1,
        1
      ],
      "/Users/erinbond/Desktop/Ada/week_5/FarMar/lib/far_mar_market.rb": [
        null,
        1,
        null,
        1,
        null,
        1,
        1,
        null,
        1,
        2504,
        2504,
        2504,
        2504,
        2504,
        2504,
        2504,
        null,
        null,
        null,
        1,
        5,
        5,
        5,
        2500,
        null,
        null,
        null,
        null,
        null,
        null,
        2500,
        null,
        5,
        null,
        null,
        null,
        1,
        5,
        5,
        null,
        null,
        null,
        1,
        2,
        2,
        134,
        2,
        null,
        null,
        null,
        null,
        null,
        1,
        6,
        6,
        6,
        16140,
        24,
        null,
        null,
        6,
        null,
        null,
        null,
        1,
        4,
        4,
        16,
        null,
        4,
        null,
        null,
        null,
        null,
        null,
        null,
        null,
        null,
        null,
        null,
        null,
        null,
        null,
        null,
        null,
        null,
        null,
        null,
        null,
        null,
        1,
        null,
        null,
        null,
        null,
        null,
        null,
        null,
        null,
        1
      ],
      "/Users/erinbond/Desktop/Ada/week_5/FarMar/lib/far_mar_product.rb": [
        null,
        null,
        null,
        1,
        null,
        1,
        null,
        1,
        null,
        1,
        204829,
        204829,
        204829,
        null,
        null,
        1,
        25,
        25,
        25,
        204825,
        null,
        null,
        204825,
        null,
        25,
        null,
        null,
        1,
        25,
        25,
        null,
        null,
        1,
        2,
        2,
        16356,
        2,
        null,
        null,
        null,
        null,
        null,
        1,
        2,
        2,
        2,
        5224,
        2,
        2,
        null,
        null,
        null,
        null,
        null,
        1,
        5,
        5,
        5,
        63990,
        20,
        null,
        null,
        5,
        null,
        null,
        null,
        1,
        2,
        null,
        null,
        null,
        1,
        4,
        4,
        32772,
        8,
        null,
        null,
        4,
        null,
        null,
        null,
        null,
        null,
        null,
        null,
        null,
        null,
        null,
        null,
        null,
        null,
        null
      ],
      "/Users/erinbond/Desktop/Ada/week_5/FarMar/lib/far_mar_vendor.rb": [
        null,
        null,
        1,
        null,
        null,
        1,
        1,
        null,
        1,
        40355,
        40355,
        40355,
        40355,
        null,
        null,
        null,
        1,
        15,
        15,
        15,
        40350,
        null,
        null,
        null,
        40350,
        null,
        15,
        null,
        null,
        null,
        1,
        15,
        15,
        null,
        null,
        null,
        1,
        2,
        2,
        5300,
        2,
        null,
        null,
        null,
        null,
        1,
        1,
        1,
        1,
        500,
        1,
        null,
        null,
        1,
        null,
        null,
        null,
        1,
        18,
        18,
        18,
        147474,
        36,
        null,
        null,
        18,
        null,
        null,
        null,
        1,
        2,
        2,
        2,
        25596,
        36,
        null,
        null,
        2,
        null,
        null,
        null,
        1,
        1,
        1,
        18,
        null,
        1,
        null,
        null,
        null,
        1,
        2,
        2,
        5380,
        8,
        null,
        null,
        2,
        null,
        null,
        null,
        null,
        null,
        null,
        null,
        null,
        null,
        null
      ],
      "/Users/erinbond/Desktop/Ada/week_5/FarMar/lib/far_mar_sale.rb": [
        null,
        null,
        null,
        null,
        null,
        1,
        null,
        1,
        null,
        1,
        191973,
        191973,
        191973,
        191973,
        191973,
        null,
        null,
        1,
        15,
        15,
        15,
        191970,
        null,
        null,
        null,
        null,
        null,
        191970,
        null,
        15,
        null,
        null,
        1,
        15,
        15,
        null,
        null,
        1,
        2,
        2,
        24,
        2,
        null,
        null,
        null,
        null,
        null,
        1,
        3,
        3,
        3,
        9,
        3,
        3,
        null,
        null,
        null,
        null,
        null,
        1,
        3,
        3,
        3,
        12,
        3,
        3,
        null,
        null,
        null,
        null,
        null,
        1,
        5,
        5,
        5,
        63990,
        15,
        null,
        null,
        5,
        null,
        null,
        null,
        null,
        null,
        null,
        null,
        null,
        null,
        null,
        null,
        null,
        null,
        null,
        null,
        null,
        null,
        null,
        null
      ],
      "/Users/erinbond/Desktop/Ada/week_5/FarMar/specs/far_mar_product_spec.rb": [
        1,
        null,
        1,
        null,
        1,
        null,
        5,
        null,
        null,
        null,
        null,
        3,
        null,
        1,
        1,
        null,
        null,
        1,
        1,
        1,
        1,
        null,
        null,
        1,
        null,
        1,
        null,
        1,
        null,
        null,
        1,
        null,
        1,
        null,
        1,
        null,
        null,
        1,
        null,
        1,
        1,
        null,
        1,
        null,
        null,
        1,
        null,
        1,
        null,
        1,
        null,
        null,
        1,
        1,
        1,
        1,
        1,
        1,
        null,
        null,
        null,
        null
      ],
      "/Users/erinbond/Desktop/Ada/week_5/FarMar/specs/far_mar_sale_spec.rb": [
        1,
        null,
        1,
        null,
        1,
        null,
        4,
        null,
        null,
        null,
        null,
        null,
        null,
        2,
        null,
        1,
        1,
        null,
        null,
        1,
        null,
        1,
        1,
        1,
        null,
        null,
        1,
        1,
        1,
        null,
        null,
        1,
        null,
        1,
        null,
        1,
        1,
        null,
        null,
        1,
        null,
        1,
        null,
        1,
        1,
        null,
        null,
        1,
        1,
        1,
        1,
        1,
        1,
        null,
        null,
        null
      ],
      "/Users/erinbond/Desktop/Ada/week_5/FarMar/specs/far_mar_vendor_spec.rb": [
        1,
        null,
        1,
        null,
        1,
        null,
        6,
        null,
        null,
        3,
        null,
        1,
        null,
        null,
        null,
        null,
        null,
        null,
        null,
        null,
        null,
        1,
        1,
        null,
        null,
        1,
        null,
        1,
        1,
        1,
        null,
        null,
        1,
        null,
        1,
        null,
        1,
        null,
        null,
        1,
        null,
        1,
        null,
        null,
        1,
        null,
        null,
        1,
        1,
        null,
        null,
        1,
        1,
        null,
        null,
        1,
        1,
        null,
        null,
        1,
        1,
        1,
        1,
        null,
        null,
        null,
        null
      ]
    },
    "timestamp": 1473371719
  }
}
