{
  "RSpec": {
    "coverage": {
      "/Users/erinbond/Desktop/Ada/week_5/FarMar/FarMar.rb": [
        1,
        1,
        null,
        1,
        null,
        null,
        1,
        1,
        1,
        1
      ],
      "/Users/erinbond/Desktop/Ada/week_5/FarMar/lib/far_mar_market.rb": [
        null,
        1,
        null,
        1,
        null,
        1,
        1,
        null,
        1,
        3008,
        3008,
        3008,
        3008,
        3008,
        3008,
        3008,
        null,
        null,
        null,
        1,
        6,
        6,
        6,
        3000,
        null,
        null,
        null,
        null,
        null,
        null,
        3000,
        null,
        6,
        null,
        null,
        null,
        1,
        6,
        6,
        null,
        null,
        null,
        1,
        2,
        2,
        134,
        2,
        null,
        null,
        null,
        null,
        null,
        1,
        2009,
        2009,
        2009,
        5404210,
        10796,
        null,
        null,
        2009,
        null,
        null,
        null,
        1,
        3,
        3,
        12,
        null,
        3,
        null,
        null,
        null,
        1,
        4,
        4,
        2000,
        13,
        null,
        null,
        null,
        null,
        4,
        2000,
        10760,
        12,
        null,
        null,
        null,
        null,
        null,
        4,
        null,
        null,
        null,
        1,
        2,
        2,
        2,
        8,
        8,
        4,
        null,
        null,
        2,
        null,
        null,
        null,
        null,
        1,
        2,
        null,
        2,
        1338,
        null,
        2,
        null,
        null,
        null,
        1,
        2,
        2,
        2,
        8,
        8,
        4,
        null,
        null,
        2,
        null,
        null,
        null,
        1,
        2,
        null,
        2,
        1338,
        null,
        2,
        null,
        null,
        null,
        null,
        null,
        null,
        null,
        null,
        null,
        1,
        null,
        null,
        null,
        null,
        null,
        null,
        null,
        null,
        null,
        null,
        null
      ],
      "/Users/erinbond/Desktop/Ada/week_5/FarMar/lib/far_mar_product.rb": [
        null,
        null,
        null,
        1,
        null,
        1,
        null,
        1,
        null,
        1,
        172057,
        172057,
        172057,
        null,
        null,
        1,
        21,
        21,
        21,
        172053,
        null,
        null,
        172053,
        null,
        21,
        null,
        null,
        1,
        21,
        21,
        null,
        null,
        1,
        2,
        2,
        16356,
        2,
        null,
        null,
        null,
        null,
        null,
        1,
        2,
        2,
        2,
        5224,
        2,
        2,
        null,
        null,
        null,
        null,
        null,
        1,
        5,
        5,
        5,
        63990,
        20,
        null,
        null,
        5,
        null,
        null,
        null,
        1,
        2,
        null,
        null,
        null,
        1,
        4,
        4,
        32772,
        8,
        null,
        null,
        4,
        null,
        null,
        null,
        null,
        null,
        null,
        null,
        null,
        null,
        null,
        null,
        null,
        null,
        null
      ],
      "/Users/erinbond/Desktop/Ada/week_5/FarMar/lib/far_mar_vendor.rb": [
        null,
        null,
        1,
        null,
        null,
        1,
        1,
        null,
        1,
        5439185,
        5439185,
        5439185,
        5439185,
        null,
        null,
        null,
        1,
        2022,
        2022,
        2022,
        5439180,
        null,
        null,
        null,
        5439180,
        null,
        2022,
        null,
        null,
        null,
        1,
        2022,
        2022,
        null,
        null,
        null,
        1,
        6,
        6,
        12612,
        6,
        null,
        null,
        null,
        null,
        1,
        1,
        1,
        1,
        500,
        1,
        null,
        null,
        1,
        null,
        null,
        null,
        1,
        14,
        14,
        14,
        114702,
        28,
        null,
        null,
        14,
        null,
        null,
        null,
        1,
        36,
        36,
        36,
        460728,
        612,
        null,
        null,
        36,
        null,
        null,
        null,
        1,
        35,
        35,
        594,
        null,
        35,
        null,
        null,
        null,
        1,
        2,
        2,
        5380,
        8,
        null,
        null,
        2,
        null,
        null,
        null,
        null,
        null,
        null,
        null,
        null,
        null,
        null,
        null
      ],
      "/Users/erinbond/Desktop/Ada/week_5/FarMar/lib/far_mar_sale.rb": [
        null,
        null,
        null,
        null,
        null,
        1,
        null,
        1,
        null,
        1,
        678297,
        678297,
        678297,
        678297,
        678297,
        null,
        null,
        1,
        53,
        53,
        53,
        678294,
        null,
        null,
        null,
        null,
        null,
        678294,
        null,
        53,
        null,
        null,
        1,
        53,
        53,
        null,
        null,
        1,
        2,
        2,
        24,
        2,
        null,
        null,
        null,
        null,
        null,
        1,
        3,
        3,
        3,
        9,
        3,
        3,
        null,
        null,
        null,
        null,
        null,
        1,
        3,
        3,
        3,
        12,
        3,
        3,
        null,
        null,
        null,
        null,
        null,
        1,
        9,
        9,
        9,
        115182,
        2691,
        null,
        null,
        9,
        null,
        null,
        null,
        null,
        null,
        null,
        null,
        null,
        null,
        null,
        null,
        null,
        null,
        null,
        null,
        null,
        null,
        null,
        null
      ],
      "/Users/erinbond/Desktop/Ada/week_5/FarMar/specs/far_mar_product_spec.rb": [
        1,
        null,
        1,
        null,
        1,
        null,
        5,
        null,
        null,
        null,
        null,
        3,
        null,
        1,
        1,
        null,
        null,
        1,
        1,
        1,
        1,
        null,
        null,
        1,
        null,
        1,
        null,
        1,
        null,
        null,
        1,
        null,
        1,
        null,
        1,
        null,
        null,
        1,
        null,
        1,
        1,
        null,
        1,
        null,
        null,
        1,
        null,
        1,
        null,
        1,
        null,
        null,
        1,
        1,
        1,
        1,
        1,
        1,
        null,
        null,
        null,
        null
      ],
      "/Users/erinbond/Desktop/Ada/week_5/FarMar/specs/far_mar_sale_spec.rb": [
        1,
        null,
        1,
        null,
        1,
        null,
        4,
        null,
        null,
        null,
        null,
        null,
        null,
        2,
        null,
        1,
        1,
        null,
        null,
        1,
        null,
        1,
        1,
        1,
        null,
        null,
        1,
        1,
        1,
        null,
        null,
        1,
        null,
        1,
        null,
        1,
        1,
        null,
        null,
        1,
        null,
        1,
        null,
        1,
        1,
        null,
        null,
        1,
        1,
        1,
        1,
        1,
        1,
        null,
        null,
        null
      ],
      "/Users/erinbond/Desktop/Ada/week_5/FarMar/specs/far_mar_vendor_spec.rb": [
        1,
        null,
        1,
        null,
        1,
        null,
        6,
        null,
        null,
        3,
        null,
        1,
        null,
        null,
        null,
        null,
        null,
        null,
        null,
        null,
        null,
        1,
        1,
        null,
        null,
        1,
        null,
        1,
        1,
        1,
        null,
        null,
        1,
        null,
        1,
        null,
        1,
        null,
        null,
        1,
        null,
        1,
        null,
        null,
        1,
        null,
        null,
        1,
        1,
        null,
        null,
        1,
        1,
        null,
        null,
        1,
        1,
        null,
        null,
        1,
        1,
        1,
        1,
        null,
        null,
        null,
        null
      ]
    },
    "timestamp": 1473441216
  }
}
